<?xml version="1.0" encoding="UTF-8"?>
<!-- Generated by org.testng.reporters.JUnitXMLReporter -->
<testsuite ignored="0" hostname="CHAITRA" failures="0" tests="4" name="Test" time="0.087" errors="0" timestamp="2023-06-28T23:40:08 BST">
  <testcase classname="scripts.Test4" name="tc4" time="0.012"/>
  <testcase classname="scripts.Test3" name="tc3" time="0.002"/>
  <testcase classname="scripts.Test2" name="tc2" time="0.001"/>
  <testcase classname="scripts.Test1" name="tc1" time="0.002"/>
</testsuite> <!-- Test -->
