<?xml version="1.0" encoding="UTF-8"?>
<testng-results ignored="0" total="4" passed="4" failed="0" skipped="0">
  <reporter-output>
    <line>
      <![CDATA[Hello Python Selenium]]>
    </line>
    <line>
      <![CDATA[Hello Sql]]>
    </line>
    <line>
      <![CDATA[Hello Selenium]]>
    </line>
    <line>
      <![CDATA[Hello Java]]>
    </line>
  </reporter-output>
  <suite started-at="2023-06-28T23:40:08 BST" name="Suite" finished-at="2023-06-28T23:40:08 BST" duration-ms="87">
    <groups>
    </groups>
    <test started-at="2023-06-28T23:40:08 BST" name="Test" finished-at="2023-06-28T23:40:08 BST" duration-ms="87">
      <class name="scripts.Test1">
        <test-method signature="tc1()[pri:0, instance:scripts.Test1@193f604a]" started-at="2023-06-28T23:40:08 BST" name="tc1" finished-at="2023-06-28T23:40:08 BST" duration-ms="2" status="PASS">
          <reporter-output>
            <line>
              <![CDATA[Hello Java]]>
            </line>
          </reporter-output>
        </test-method> <!-- tc1 -->
      </class> <!-- scripts.Test1 -->
      <class name="scripts.Test3">
        <test-method signature="tc3()[pri:0, instance:scripts.Test3@223aa2f7]" started-at="2023-06-28T23:40:08 BST" name="tc3" finished-at="2023-06-28T23:40:08 BST" duration-ms="2" status="PASS">
          <reporter-output>
            <line>
              <![CDATA[Hello Sql]]>
            </line>
          </reporter-output>
        </test-method> <!-- tc3 -->
      </class> <!-- scripts.Test3 -->
      <class name="scripts.Test2">
        <test-method signature="tc2()[pri:0, instance:scripts.Test2@6d3a388c]" started-at="2023-06-28T23:40:08 BST" name="tc2" finished-at="2023-06-28T23:40:08 BST" duration-ms="1" status="PASS">
          <reporter-output>
            <line>
              <![CDATA[Hello Selenium]]>
            </line>
          </reporter-output>
        </test-method> <!-- tc2 -->
      </class> <!-- scripts.Test2 -->
      <class name="scripts.Test4">
        <test-method signature="tc4()[pri:0, instance:scripts.Test4@41fecb8b]" started-at="2023-06-28T23:40:08 BST" name="tc4" finished-at="2023-06-28T23:40:08 BST" duration-ms="12" status="PASS">
          <reporter-output>
            <line>
              <![CDATA[Hello Python Selenium]]>
            </line>
          </reporter-output>
        </test-method> <!-- tc4 -->
      </class> <!-- scripts.Test4 -->
    </test> <!-- Test -->
  </suite> <!-- Suite -->
</testng-results>
